# JRE version: Java(TM) SE Runtime Environment (21.0.9+7) (build 21.0.9+7-LTS-338)
# Java VM: Java HotSpot(TM) 64-Bit Server VM (21.0.9+7-LTS-338, mixed mode, sharing, tiered, compressed oops, compressed class ptrs, g1 gc, windows-amd64)
GC Precious Log:
 CardTable entry size: 512
 Card Set container configuration: InlinePtr #cards 5 size 8 Array Of Cards #cards 12 size 40 Howl #buckets 4 coarsen threshold 1843 Howl Bitmap #cards 512 size 80 coarsen threshold 460 Card regions per heap region 1 cards per card region 2048
 CPUs: 16 total, 16 available
 Memory: 7885M
 Large Page Support: Disabled
 NUMA Support: Disabled
 Compressed Oops: Enabled (32-bit)
 Heap Region Size: 1M
 Heap Min Capacity: 8M
 Heap Initial Capacity: 124M
 Heap Max Capacity: 1972M
 Pre-touch: Disabled
 Parallel Workers: 13
 Concurrent Workers: 3
 Concurrent Refinement Workers: 13
 Periodic GC: Disabled
Heap:
 garbage-first heap   total 71680K, used 31578K [0x0000000084c00000, 0x0000000100000000)
  region size 1024K, 18 young (18432K), 6 survivors (6144K)
 Metaspace       used 25414K, committed 25664K, reserved 1114112K
  class space    used 2780K, committed 2880K, reserved 1048576K
GC Heap History (10 events):
Event: 1.725 GC heap before
{Heap before GC invocations=0 (full 0):
 garbage-first heap   total 126976K, used 22528K [0x0000000084c00000, 0x0000000100000000)
  region size 1024K, 23 young (23552K), 0 survivors (0K)
 Metaspace       used 5594K, committed 5824K, reserved 1114112K
  class space    used 639K, committed 768K, reserved 1048576K
}
Event: 1.742 GC heap after
{Heap after GC invocations=1 (full 0):
 garbage-first heap   total 126976K, used 3660K [0x0000000084c00000, 0x0000000100000000)
  region size 1024K, 3 young (3072K), 3 survivors (3072K)
 Metaspace       used 5594K, committed 5824K, reserved 1114112K
  class space    used 639K, committed 768K, reserved 1048576K
}
Event: 3.913 GC heap before
{Heap before GC invocations=1 (full 0):
 garbage-first heap   total 126976K, used 34380K [0x0000000084c00000, 0x0000000100000000)
  region size 1024K, 33 young (33792K), 3 survivors (3072K)
 Metaspace       used 9471K, committed 9728K, reserved 1114112K
  class space    used 1100K, committed 1216K, reserved 1048576K
}
Event: 3.929 GC heap after
{Heap after GC invocations=2 (full 0):
 garbage-first heap   total 126976K, used 5267K [0x0000000084c00000, 0x0000000100000000)
  region size 1024K, 2 young (2048K), 2 survivors (2048K)
 Metaspace       used 9471K, committed 9728K, reserved 1114112K
  class space    used 1100K, committed 1216K, reserved 1048576K
}
Event: 9.924 GC heap before
{Heap before GC invocations=2 (full 0):
 garbage-first heap   total 126976K, used 78995K [0x0000000084c00000, 0x0000000100000000)
  region size 1024K, 74 young (75776K), 2 survivors (2048K)
 Metaspace       used 15878K, committed 16128K, reserved 1114112K
  class space    used 1821K, committed 1920K, reserved 1048576K
}
Event: 9.962 GC heap after
{Heap after GC invocations=3 (full 0):
 garbage-first heap   total 126976K, used 14145K [0x0000000084c00000, 0x0000000100000000)
  region size 1024K, 10 young (10240K), 10 survivors (10240K)
 Metaspace       used 15878K, committed 16128K, reserved 1114112K
  class space    used 1821K, committed 1920K, reserved 1048576K
}
Event: 15.391 GC heap before
{Heap before GC invocations=3 (full 0):
 garbage-first heap   total 126976K, used 58177K [0x0000000084c00000, 0x0000000100000000)
  region size 1024K, 55 young (56320K), 10 survivors (10240K)
 Metaspace       used 21233K, committed 21504K, reserved 1114112K
  class space    used 2397K, committed 2560K, reserved 1048576K
}
Event: 15.434 GC heap after
{Heap after GC invocations=4 (full 0):
 garbage-first heap   total 126976K, used 18305K [0x0000000084c00000, 0x0000000100000000)
  region size 1024K, 4 young (4096K), 4 survivors (4096K)
 Metaspace       used 21233K, committed 21504K, reserved 1114112K
  class space    used 2397K, committed 2560K, reserved 1048576K
}
Event: 25.056 GC heap before
{Heap before GC invocations=5 (full 0):
 garbage-first heap   total 65536K, used 65409K [0x0000000084c00000, 0x0000000100000000)
  region size 1024K, 50 young (51200K), 4 survivors (4096K)
 Metaspace       used 25120K, committed 25344K, reserved 1114112K
  class space    used 2770K, committed 2880K, reserved 1048576K
}
Event: 25.088 GC heap after
{Heap after GC invocations=6 (full 0):
 garbage-first heap   total 71680K, used 20314K [0x0000000084c00000, 0x0000000100000000)
  region size 1024K, 6 young (6144K), 6 survivors (6144K)
 Metaspace       used 25120K, committed 25344K, reserved 1114112K
  class space    used 2770K, committed 2880K, reserved 1048576K
}

